<?xml version="1.0" encoding="UTF-8"?>
<testsuite xmlns:xsi="http://www.w3.org/2001/XMLSchema-instance" xsi:noNamespaceSchemaLocation="https://maven.apache.org/surefire/maven-surefire-plugin/xsd/surefire-test-report.xsd" name="org.example.service.BankServiceTest" time="0.737" tests="6" errors="0" skipped="0" failures="0">
  <properties>
[...]
</properties>
  <testcase name="transfer_negativeAmount_throwsIllegalArgumentException" classname="org.example.service.BankServiceTest" time="0.686"/>
  <testcase name="transfer_toSameClient_throwException" classname="org.example.service.BankServiceTest" time="0"/>
  <testcase name="transfer_allFounds_foundsTransferred" classname="org.example.service.BankServiceTest" time="0.033"/>
  <testcase name="transfer_notEnoughFounds_throwsNotSufficientFoundException" classname="org.example.service.BankServiceTest" time="0.002"/>
  <testcase name="withdraw_correctAmount_balanceChangedCorrectly" classname="org.example.service.BankServiceTest" time="0.002"/>
  <testcase name="transfer_allParamsOk_foundsTransferred" classname="org.example.service.BankServiceTest" time="0.002"/>
</testsuite>